<?xml version="1.0" encoding="utf-8"?><testsuites name="pytest tests"><testsuite name="pytest" errors="0" failures="1" skipped="0" tests="6" time="276.225" timestamp="2026-03-31T03:22:50.728679+00:00" hostname="agent-env-db3b67ed-8b92-4300-95e6-18a2ed5428d8"><testcase classname="backend.tests.test_compare_models.TestCompareModelsAuth" name="test_compare_models_requires_auth" time="0.275" /><testcase classname="backend.tests.test_compare_models.TestCompareModelsAuth" name="test_compare_models_rejects_empty_workflow" time="48.923" /><testcase classname="backend.tests.test_compare_models.TestCompareModelsResponse" name="test_compare_models_returns_results_for_all_models" time="60.543"><failure message="AssertionError: Unexpected status: 502, The preview environment is not responding. It may be starting up.&#10;  &#10;assert 502 in [200, 500]&#10; +  where 502 = &lt;Response [502]&gt;.status_code">backend/tests/test_compare_models.py:72: in test_compare_models_returns_results_for_all_models
    assert response.status_code in [200, 500], f"Unexpected status: {response.status_code}, {response.text}"
E   AssertionError: Unexpected status: 502, The preview environment is not responding. It may be starting up.
E     
E   assert 502 in [200, 500]
E    +  where 502 = &lt;Response [502]&gt;.status_code</failure></testcase><testcase classname="backend.tests.test_compare_models.TestCompareModelsResponse" name="test_compare_models_result_structure" time="49.323" /><testcase classname="backend.tests.test_compare_models.TestCompareModelsLabels" name="test_model_labels_match_expected" time="56.350" /><testcase classname="backend.tests.test_compare_models.TestCompareModelsSavedToHistory" name="test_comparison_saved_to_history" time="60.709" /></testsuite></testsuites>