<?xml version="1.0" encoding="utf-8"?><testsuites name="pytest tests"><testsuite name="pytest" errors="0" failures="0" skipped="1" tests="24" time="42.925" timestamp="2026-03-31T03:30:04.159320+00:00" hostname="agent-env-db3b67ed-8b92-4300-95e6-18a2ed5428d8"><testcase classname="backend.tests.test_auth_workflow.TestHealthCheck" name="test_api_root" time="0.206" /><testcase classname="backend.tests.test_auth_workflow.TestAuthLogin" name="test_login_success_with_admin" time="0.377" /><testcase classname="backend.tests.test_auth_workflow.TestAuthLogin" name="test_login_invalid_credentials" time="0.425" /><testcase classname="backend.tests.test_auth_workflow.TestAuthLogin" name="test_login_nonexistent_user" time="0.169" /><testcase classname="backend.tests.test_auth_workflow.TestAuthRegister" name="test_register_new_user" time="0.343" /><testcase classname="backend.tests.test_auth_workflow.TestAuthRegister" name="test_register_duplicate_email" time="0.104" /><testcase classname="backend.tests.test_auth_workflow.TestAuthMe" name="test_get_me_authenticated" time="0.386" /><testcase classname="backend.tests.test_auth_workflow.TestAuthMe" name="test_get_me_unauthenticated" time="0.117" /><testcase classname="backend.tests.test_auth_workflow.TestAuthLogout" name="test_logout_clears_cookies" time="0.433" /><testcase classname="backend.tests.test_auth_workflow.TestAuthRefresh" name="test_refresh_token" time="0.381" /><testcase classname="backend.tests.test_auth_workflow.TestAuthRefresh" name="test_refresh_without_token" time="0.115" /><testcase classname="backend.tests.test_auth_workflow.TestForgotPassword" name="test_forgot_password_existing_email" time="0.119" /><testcase classname="backend.tests.test_auth_workflow.TestForgotPassword" name="test_forgot_password_nonexistent_email" time="0.170" /><testcase classname="backend.tests.test_auth_workflow.TestWorkflowHistory" name="test_get_workflow_history_authenticated" time="0.404" /><testcase classname="backend.tests.test_auth_workflow.TestWorkflowHistory" name="test_get_workflow_history_unauthenticated" time="0.119" /><testcase classname="backend.tests.test_auth_workflow.TestWorkflowHistoryOperations" name="test_toggle_public_nonexistent" time="0.528" /><testcase classname="backend.tests.test_auth_workflow.TestWorkflowHistoryOperations" name="test_delete_nonexistent" time="0.413" /><testcase classname="backend.tests.test_auth_workflow.TestSharedAnalysis" name="test_shared_invalid_token" time="0.113" /><testcase classname="backend.tests.test_auth_workflow.TestBruteForceProtection" name="test_brute_force_lockout" time="0.000"><skipped type="pytest.skip" message="Brute force protection uses IP+email, may not work through proxy/load balancer">/app/backend/tests/test_auth_workflow.py:300: Brute force protection uses IP+email, may not work through proxy/load balancer</skipped></testcase><testcase classname="backend.tests.test_auth_workflow.TestModelsEndpoint" name="test_get_models_returns_three_models" time="0.118" /><testcase classname="backend.tests.test_auth_workflow.TestModelsEndpoint" name="test_models_have_correct_labels" time="0.148" /><testcase classname="backend.tests.test_auth_workflow.TestAnalyzeWorkflowWithModel" name="test_analyze_workflow_requires_auth" time="0.106" /><testcase classname="backend.tests.test_auth_workflow.TestAnalyzeWorkflowWithModel" name="test_analyze_workflow_accepts_model_param" time="37.107" /><testcase classname="backend.tests.test_auth_workflow.TestWorkflowHistoryWithModel" name="test_workflow_history_includes_model_used" time="0.399" /></testsuite></testsuites>