<?xml version="1.0" encoding="utf-8"?><testsuites name="pytest tests"><testsuite name="pytest" errors="0" failures="1" skipped="0" tests="19" time="6.215" timestamp="2026-03-31T02:50:48.334863+00:00" hostname="agent-env-db3b67ed-8b92-4300-95e6-18a2ed5428d8"><testcase classname="backend.tests.test_auth_workflow.TestHealthCheck" name="test_api_root" time="0.230" /><testcase classname="backend.tests.test_auth_workflow.TestAuthLogin" name="test_login_success_with_admin" time="0.364" /><testcase classname="backend.tests.test_auth_workflow.TestAuthLogin" name="test_login_invalid_credentials" time="0.390" /><testcase classname="backend.tests.test_auth_workflow.TestAuthLogin" name="test_login_nonexistent_user" time="0.164" /><testcase classname="backend.tests.test_auth_workflow.TestAuthRegister" name="test_register_new_user" time="0.356" /><testcase classname="backend.tests.test_auth_workflow.TestAuthRegister" name="test_register_duplicate_email" time="0.153" /><testcase classname="backend.tests.test_auth_workflow.TestAuthMe" name="test_get_me_authenticated" time="0.479" /><testcase classname="backend.tests.test_auth_workflow.TestAuthMe" name="test_get_me_unauthenticated" time="0.118" /><testcase classname="backend.tests.test_auth_workflow.TestAuthLogout" name="test_logout_clears_cookies" time="0.477" /><testcase classname="backend.tests.test_auth_workflow.TestAuthRefresh" name="test_refresh_token" time="0.486" /><testcase classname="backend.tests.test_auth_workflow.TestAuthRefresh" name="test_refresh_without_token" time="0.110" /><testcase classname="backend.tests.test_auth_workflow.TestForgotPassword" name="test_forgot_password_existing_email" time="0.120" /><testcase classname="backend.tests.test_auth_workflow.TestForgotPassword" name="test_forgot_password_nonexistent_email" time="0.115" /><testcase classname="backend.tests.test_auth_workflow.TestWorkflowHistory" name="test_get_workflow_history_authenticated" time="0.429" /><testcase classname="backend.tests.test_auth_workflow.TestWorkflowHistory" name="test_get_workflow_history_unauthenticated" time="0.125" /><testcase classname="backend.tests.test_auth_workflow.TestWorkflowHistoryOperations" name="test_toggle_public_nonexistent" time="0.488" /><testcase classname="backend.tests.test_auth_workflow.TestWorkflowHistoryOperations" name="test_delete_nonexistent" time="0.400" /><testcase classname="backend.tests.test_auth_workflow.TestSharedAnalysis" name="test_shared_invalid_token" time="0.133" /><testcase classname="backend.tests.test_auth_workflow.TestBruteForceProtection" name="test_brute_force_lockout" time="0.691"><failure message="AssertionError: Expected 429 after 5 failed attempts, got 401&#10;assert 401 == 429&#10; +  where 401 = &lt;Response [401]&gt;.status_code">backend/tests/test_auth_workflow.py:317: in test_brute_force_lockout
    assert response.status_code == 429, f"Expected 429 after 5 failed attempts, got {response.status_code}"
E   AssertionError: Expected 429 after 5 failed attempts, got 401
E   assert 401 == 429
E    +  where 401 = &lt;Response [401]&gt;.status_code</failure></testcase></testsuite></testsuites>